<?xml version="1.0" encoding="UTF-8"?>
<!-- Generated by org.testng.reporters.JUnitReportReporter -->
<testsuite skipped="0" hostname="LAPTOP-T6GI1B0L" name="Selenium.test" tests="1" failures="0" timestamp="02 Dec 2021 12:19:33 GMT" time="0.014" errors="0">
  <testcase name="first" time="0.014" classname="Selenium.test"/>
</testsuite> <!-- Selenium.test -->
