<?xml version="1.0" encoding="UTF-8"?>
<!-- Generated by org.testng.reporters.JUnitReportReporter -->
<testsuite skipped="0" hostname="LAPTOP-T6GI1B0L" name="Selenium.test" tests="1" failures="0" timestamp="03 Dec 2021 12:11:16 GMT" time="0.009" errors="0">
  <testcase name="first" time="0.009" classname="Selenium.test"/>
</testsuite> <!-- Selenium.test -->
